[watch] watching: /Users/thegenuine/dft-core/vault/documents, /Users/thegenuine/dft-core/stitchia-protocol-dev/scrolls, /Users/thegenuine/TGC-DAO/governance, /Users/thegenuine/TGC-DAO/proposals, /Users/thegenuine/TGC-DAO/clients/press-room
[ok] Braid generated -> vault/braids/0a6b42f8bf2d.json
[ok] Braid generated -> vault/braids/9afa8008abb3.json
[ok] Braid generated -> vault/braids/6ba6ac2dbfd1.json
[ok] Braid generated -> vault/braids/aa9a92ffc743.json
[ok] Braid generated -> vault/braids/29a48fd5e662.json
[ok] Braid generated -> vault/braids/9a66229b0f5d.json
[ok] Braid generated -> vault/braids/947f56e899cc.json
[ok] Braid generated -> vault/braids/77e28d108ed5.json
[ok] Braid generated -> vault/braids/649afd17c591.json
[ok] Braid generated -> vault/braids/b67e3aab07b7.json
[ok] Braid generated -> vault/braids/4ece28f39392.json
[watch] dashboard updated -> stitchia-protocol-dev/frontend/data.json
[ok] Braid generated -> vault/braids/0a6b42f8bf2d.json
[ok] Braid generated -> vault/braids/9afa8008abb3.json
[ok] Braid generated -> vault/braids/6ba6ac2dbfd1.json
[ok] Braid generated -> vault/braids/aa9a92ffc743.json
[ok] Braid generated -> vault/braids/29a48fd5e662.json
[ok] Braid generated -> vault/braids/9a66229b0f5d.json
[ok] Braid generated -> vault/braids/947f56e899cc.json
[ok] Braid generated -> vault/braids/77e28d108ed5.json
[ok] Braid generated -> vault/braids/649afd17c591.json
[ok] Braid generated -> vault/braids/b67e3aab07b7.json
[ok] Braid generated -> vault/braids/4ece28f39392.json
[ok] Braid generated -> vault/braids/0bff6f55d7ea.json
[ok] Braid generated -> vault/braids/ff61ecfa1e40.json
[ok] Braid generated -> vault/braids/714362a547d1.json
[watch] dashboard updated -> stitchia-protocol-dev/frontend/data.json
[watch] change detected -> vault/documents/onboarding_delyan_donovski.md
[watch] processing 1 file(s) (debounce=0.50s)
[ok] Processed scroll 'Onboarding: Delyan Donovski — Executive Secretary (GILC)' -> id=37b142bd81f1
[ok] Braid generated -> vault/braids/37b142bd81f1.json
[ok] Dashboard data updated -> stitchia-protocol-dev/frontend/data.json
[watch] dashboard updated -> stitchia-protocol-dev/frontend/data.json
[ok] Braid generated -> vault/braids/0a6b42f8bf2d.json
[ok] Braid generated -> vault/braids/9afa8008abb3.json
[ok] Braid generated -> vault/braids/6ba6ac2dbfd1.json
[ok] Braid generated -> vault/braids/aa9a92ffc743.json
[ok] Braid generated -> vault/braids/29a48fd5e662.json
[ok] Braid generated -> vault/braids/9a66229b0f5d.json
[ok] Braid generated -> vault/braids/947f56e899cc.json
[ok] Braid generated -> vault/braids/77e28d108ed5.json
[ok] Braid generated -> vault/braids/649afd17c591.json
[ok] Braid generated -> vault/braids/b67e3aab07b7.json
[ok] Braid generated -> vault/braids/4ece28f39392.json
[ok] Braid generated -> vault/braids/0bff6f55d7ea.json
[ok] Braid generated -> vault/braids/ff61ecfa1e40.json
[ok] Braid generated -> vault/braids/714362a547d1.json
[ok] Braid generated -> vault/braids/37b142bd81f1.json
[watch] dashboard updated -> stitchia-protocol-dev/frontend/data.json
[watch] change detected -> stitchia-protocol-dev/scrolls/executive_secretary_charter.md
[watch] processing 1 file(s) (debounce=0.50s)
[ok] Processed scroll 'Role Charter: Executive Secretary (GILC)' -> id=15a557fe2331
[ok] Braid generated -> vault/braids/15a557fe2331.json
[ok] Dashboard data updated -> stitchia-protocol-dev/frontend/data.json
[watch] dashboard updated -> stitchia-protocol-dev/frontend/data.json
[ok] Braid generated -> vault/braids/0a6b42f8bf2d.json
[ok] Braid generated -> vault/braids/9afa8008abb3.json
[ok] Braid generated -> vault/braids/6ba6ac2dbfd1.json
[ok] Braid generated -> vault/braids/aa9a92ffc743.json
[ok] Braid generated -> vault/braids/29a48fd5e662.json
[ok] Braid generated -> vault/braids/9a66229b0f5d.json
[ok] Braid generated -> vault/braids/947f56e899cc.json
[ok] Braid generated -> vault/braids/77e28d108ed5.json
[ok] Braid generated -> vault/braids/649afd17c591.json
[ok] Braid generated -> vault/braids/b67e3aab07b7.json
[ok] Braid generated -> vault/braids/4ece28f39392.json
[ok] Braid generated -> vault/braids/0bff6f55d7ea.json
[ok] Braid generated -> vault/braids/ff61ecfa1e40.json
[ok] Braid generated -> vault/braids/714362a547d1.json
[ok] Braid generated -> vault/braids/37b142bd81f1.json
[ok] Braid generated -> vault/braids/15a557fe2331.json
[watch] dashboard updated -> stitchia-protocol-dev/frontend/data.json
[ok] Braid generated -> vault/braids/0a6b42f8bf2d.json
[ok] Braid generated -> vault/braids/9afa8008abb3.json
[ok] Braid generated -> vault/braids/6ba6ac2dbfd1.json
[ok] Braid generated -> vault/braids/aa9a92ffc743.json
[ok] Braid generated -> vault/braids/29a48fd5e662.json
[ok] Braid generated -> vault/braids/9a66229b0f5d.json
[ok] Braid generated -> vault/braids/947f56e899cc.json
[ok] Braid generated -> vault/braids/77e28d108ed5.json
[ok] Braid generated -> vault/braids/649afd17c591.json
[ok] Braid generated -> vault/braids/b67e3aab07b7.json
[ok] Braid generated -> vault/braids/4ece28f39392.json
[ok] Braid generated -> vault/braids/0bff6f55d7ea.json
[ok] Braid generated -> vault/braids/ff61ecfa1e40.json
[ok] Braid generated -> vault/braids/714362a547d1.json
[ok] Braid generated -> vault/braids/37b142bd81f1.json
[ok] Braid generated -> vault/braids/15a557fe2331.json
[watch] dashboard updated -> stitchia-protocol-dev/frontend/data.json
[watch] change detected -> stitchia-protocol-dev/scrolls/archive_policy_v1.md
[watch] processing 1 file(s) (debounce=0.50s)
[ok] Processed scroll 'Archive Policy v1 — GILC & Digital Fabrica' -> id=6889d7768793
[ok] Braid generated -> vault/braids/6889d7768793.json
[ok] Dashboard data updated -> stitchia-protocol-dev/frontend/data.json
[watch] dashboard updated -> stitchia-protocol-dev/frontend/data.json
[ok] Braid generated -> vault/braids/0a6b42f8bf2d.json
[ok] Braid generated -> vault/braids/9afa8008abb3.json
[ok] Braid generated -> vault/braids/6ba6ac2dbfd1.json
[ok] Braid generated -> vault/braids/aa9a92ffc743.json
[ok] Braid generated -> vault/braids/29a48fd5e662.json
[ok] Braid generated -> vault/braids/9a66229b0f5d.json
[ok] Braid generated -> vault/braids/947f56e899cc.json
[ok] Braid generated -> vault/braids/77e28d108ed5.json
[ok] Braid generated -> vault/braids/649afd17c591.json
[ok] Braid generated -> vault/braids/b67e3aab07b7.json
[ok] Braid generated -> vault/braids/4ece28f39392.json
[ok] Braid generated -> vault/braids/0bff6f55d7ea.json
[ok] Braid generated -> vault/braids/ff61ecfa1e40.json
[ok] Braid generated -> vault/braids/714362a547d1.json
[ok] Braid generated -> vault/braids/37b142bd81f1.json
[ok] Braid generated -> vault/braids/15a557fe2331.json
[ok] Braid generated -> vault/braids/6889d7768793.json
[watch] dashboard updated -> stitchia-protocol-dev/frontend/data.json
[watch] change detected -> stitchia-protocol-dev/scrolls/filing_schema_map.md
[watch] processing 1 file(s) (debounce=0.50s)
[ok] Processed scroll 'Filing Schema – GILC & Digital Fabrica' -> id=96f25aaf1ca1
[ok] Braid generated -> vault/braids/96f25aaf1ca1.json
[ok] Dashboard data updated -> stitchia-protocol-dev/frontend/data.json
[watch] dashboard updated -> stitchia-protocol-dev/frontend/data.json
[ok] Braid generated -> vault/braids/0a6b42f8bf2d.json
[ok] Braid generated -> vault/braids/9afa8008abb3.json
[ok] Braid generated -> vault/braids/6ba6ac2dbfd1.json
[ok] Braid generated -> vault/braids/aa9a92ffc743.json
[ok] Braid generated -> vault/braids/29a48fd5e662.json
[ok] Braid generated -> vault/braids/9a66229b0f5d.json
[ok] Braid generated -> vault/braids/947f56e899cc.json
[ok] Braid generated -> vault/braids/77e28d108ed5.json
[ok] Braid generated -> vault/braids/649afd17c591.json
[ok] Braid generated -> vault/braids/b67e3aab07b7.json
[ok] Braid generated -> vault/braids/4ece28f39392.json
[ok] Braid generated -> vault/braids/0bff6f55d7ea.json
[ok] Braid generated -> vault/braids/ff61ecfa1e40.json
[ok] Braid generated -> vault/braids/714362a547d1.json
[ok] Braid generated -> vault/braids/37b142bd81f1.json
[ok] Braid generated -> vault/braids/15a557fe2331.json
[ok] Braid generated -> vault/braids/6889d7768793.json
[ok] Braid generated -> vault/braids/96f25aaf1ca1.json
